<?xml version="1.0" encoding="UTF-8"?>
<testsuite name="Create a user in Utest.com" tests="1" skipped="0" failures="1" errors="0" timestamp="2020-12-30T21:09:16" hostname="CHMEPPF1BN7QQ" time="0.302">
  <properties/>
  <testcase name="Create a new profile complying all the requirements" classname="Create a user in Utest.com" time="0.302">
    <failure message="java.lang.NullPointerException" type="java.lang.NullPointerException">java.lang.NullPointerException
	at net.serenitybdd.screenplay.actors.OnStage.anActorIsOnStage(OnStage.java:41)
	at net.serenitybdd.screenplay.actors.OnStage.theActorCalled(OnStage.java:32)
	at co.com.choucair.certification.retoBanca.stepdefinitions.RetoBancaStepsDefinition.thatUserWantsToCreateANewProfile(RetoBancaStepsDefinition.java:26)
	at âœ½.that user wants create a new profile on Utest(src/test/resources/features/reto_banca.feature:9)
</failure>
  </testcase>
  <system-out><![CDATA[]]></system-out>
  <system-err><![CDATA[[Test worker] WARN net.thucydides.core.steps.BaseStepListener - stepStarted: net.thucydides.core.steps.ExecutedStepDescription@6afa29b7
[Test worker] WARN net.thucydides.core.steps.BaseStepListener - stepStarted: net.thucydides.core.steps.ExecutedStepDescription@60c1c9d4
[Test worker] WARN net.thucydides.core.steps.BaseStepListener - stepStarted: net.thucydides.core.steps.ExecutedStepDescription@6b3d2f7a
[Test worker] WARN net.thucydides.core.steps.BaseStepListener - testFinished: Create a new profile complying all the requirements:Example: {name=Pablo Andres, last_name=Hernandez Morales, email=phernandezm@choucairtesting.com, birth_day=17, birth_month=May, birth_year=1992, language=Spanish, city=Medellin, postal=050016, country=Colombia, password=F911sJl71<lWpy9({} [Given that user wants create a new profile on Utest, When user complete all the require steps
| name | last_name | email | birth_day | birth_month | birth_year | language | city | postal | country | password |
| Pablo Andres | Hernandez Morales | phernandezm@choucairtesting.com | 17 | May | 1992 | Spanish | Medellin | 050016 | Colombia | F911sJl71<lWpy9({ |, Then the profile is create successful]
[Test worker] WARN net.thucydides.core.steps.BaseStepListener - TestOutcomes: [Create a new profile complying all the requirements:Example: {name=Pablo Andres, last_name=Hernandez Morales, email=phernandezm@choucairtesting.com, birth_day=17, birth_month=May, birth_year=1992, language=Spanish, city=Medellin, postal=050016, country=Colombia, password=F911sJl71<lWpy9({} [Given that user wants create a new profile on Utest, When user complete all the require steps
| name | last_name | email | birth_day | birth_month | birth_year | language | city | postal | country | password |
| Pablo Andres | Hernandez Morales | phernandezm@choucairtesting.com | 17 | May | 1992 | Spanish | Medellin | 050016 | Colombia | F911sJl71<lWpy9({ |, Then the profile is create successful]]
[Test worker] WARN net.thucydides.core.steps.BaseStepListener - Final testOutcomes: [Create a new profile complying all the requirements:Example: {name=Pablo Andres, last_name=Hernandez Morales, email=phernandezm@choucairtesting.com, birth_day=17, birth_month=May, birth_year=1992, language=Spanish, city=Medellin, postal=050016, country=Colombia, password=F911sJl71<lWpy9({} [Given that user wants create a new profile on Utest, When user complete all the require steps
| name | last_name | email | birth_day | birth_month | birth_year | language | city | postal | country | password |
| Pablo Andres | Hernandez Morales | phernandezm@choucairtesting.com | 17 | May | 1992 | Spanish | Medellin | 050016 | Colombia | F911sJl71<lWpy9({ |, Then the profile is create successful]]
[Test worker] ERROR net.thucydides.core.steps.ConsoleLoggingListener - 
           __  _____ _____ ____ _____   _____ _    ___ _     _____ ____  
  _       / / |_   _| ____/ ___|_   _| |  ___/ \  |_ _| |   | ____|  _ \ 
 (_)_____| |    | | |  _| \___ \ | |   | |_ / _ \  | || |   |  _| | | | |
  _|_____| |    | | | |___ ___) || |   |  _/ ___ \ | || |___| |___| |_| |
 (_)     | |    |_| |_____|____/ |_|   |_|/_/   \_\___|_____|_____|____/ 
          \_\                                                            

TEST FAILED WITH ERROR: Create a new profile complying all the requirements
---------------------------------------------------------------------
[Test worker] ERROR net.thucydides.core.steps.ConsoleLoggingListener - TEST FAILED AT STEP Given that user wants create a new profile on Utest
[Test worker] ERROR net.thucydides.core.steps.ConsoleLoggingListener - 
]]></system-err>
</testsuite>
